-------------------------------------------------------------------------------
Test set: testng.tests.Tests
-------------------------------------------------------------------------------
Tests run: 2, Failures: 1, Errors: 0, Skipped: 0, Time elapsed: 0.514 sec <<< FAILURE!
test2(testng.tests.Tests)  Time elapsed: 0.004 sec  <<< FAILURE!
junit.framework.AssertionFailedError
	at junit.framework.Assert.fail(Assert.java:48)
	at junit.framework.Assert.assertTrue(Assert.java:20)
	at junit.framework.Assert.assertTrue(Assert.java:27)
	at testng.tests.Tests.test2(Tests.java:54)
